<?xml version="1.0" encoding="UTF-8"?>
<!-- Generated by org.testng.reporters.JUnitXMLReporter -->
<testsuite hostname="DESKTOP-N8FNU65" name="Test" tests="7" failures="1" timestamp="26 Oct 2022 06:53:14 GMT" time="39.322" errors="0">
  <testcase name="checkBoxTest3" time="7.076" classname="mavenPackage.CheckBoxDemo3"/>
  <testcase name="chrometest" time="4.118" classname="mavenPackage.ChromeBrowserLaunch"/>
  <testcase name="draganAndDrop" time="4.697" classname="mavenPackage.DraganDropDemo1"/>
  <testcase name="iframeDemo1" time="7.405" classname="mavenPackage.IframeDemo1"/>
  <testcase name="popWindoTest" time="10.494" classname="mavenPackage.PopWindoDemo1"/>
  <testcase name="radioButtonDemoTest" time="5.488" classname="mavenPackage.RadioButtonDemo1"/>
  <testcase name="locatorsDemoTest" time="0.005" classname="mavenPackage.LocatorsDemo1">
    <failure type="java.lang.IllegalStateException" message="The driver executable does not exist: C:\Users\admin\Desktop\drivers\chromedriver.exe">
      <![CDATA[java.lang.IllegalStateException: The driver executable does not exist: C:\Users\admin\Desktop\drivers\chromedriver.exe
	at com.google.common.base.Preconditions.checkState(Preconditions.java:199)
	at org.openqa.selenium.remote.service.DriverService.checkExecutable(DriverService.java:121)
	at org.openqa.selenium.remote.service.DriverService.findExecutable(DriverService.java:116)
	at org.openqa.selenium.chrome.ChromeDriverService.access$000(ChromeDriverService.java:32)
	at org.openqa.selenium.chrome.ChromeDriverService$Builder.findDefaultExecutable(ChromeDriverService.java:137)
	at org.openqa.selenium.remote.service.DriverService$Builder.build(DriverService.java:296)
	at org.openqa.selenium.chrome.ChromeDriverService.createDefaultService(ChromeDriverService.java:88)
	at org.openqa.selenium.chrome.ChromeDriver.<init>(ChromeDriver.java:116)
	at mavenPackage.LocatorsDemo1.locatorsDemoTest(LocatorsDemo1.java:15)
... Removed 24 stack frames]]>
    </failure>
  </testcase> <!-- locatorsDemoTest -->
</testsuite> <!-- Test -->
