<?xml version="1.0" encoding="UTF-8"?>
<testng-results skipped="0" failed="0" total="1" passed="1">
  <reporter-output>
  </reporter-output>
  <suite name="Default suite" duration-ms="6158" started-at="2022-10-26T06:56:56Z" finished-at="2022-10-26T06:57:02Z">
    <groups>
    </groups>
    <test name="Default test" duration-ms="6158" started-at="2022-10-26T06:56:56Z" finished-at="2022-10-26T06:57:02Z">
      <class name="mavenPackage.LocatorsDemo1">
        <test-method status="PASS" signature="locatorsDemoTest()[pri:0, instance:mavenPackage.LocatorsDemo1@2d554825]" name="locatorsDemoTest" duration-ms="6125" started-at="2022-10-26T12:26:56Z" finished-at="2022-10-26T12:27:02Z">
          <reporter-output>
          </reporter-output>
        </test-method> <!-- locatorsDemoTest -->
      </class> <!-- mavenPackage.LocatorsDemo1 -->
    </test> <!-- Default test -->
  </suite> <!-- Default suite -->
</testng-results>
