<?xml version="1.0" encoding="UTF-8"?>
<testsuite name="TestSuite" time="92.467" tests="7" errors="0" skipped="0" failures="0">
  <properties>
[...]
</properties>
  <testcase name="checkBoxTest3" classname="mavenPackage.CheckBoxDemo3" time="11.694"/>
  <testcase name="chrometest" classname="mavenPackage.ChromeBrowserLaunch" time="6.804"/>
  <testcase name="draganAndDrop" classname="mavenPackage.DraganDropDemo1" time="10.135"/>
  <testcase name="iframeDemo1" classname="mavenPackage.IframeDemo1" time="9.983"/>
  <testcase name="popWindoTest" classname="mavenPackage.PopWindoDemo1" time="23.388"/>
  <testcase name="radioButtonDemoTest" classname="mavenPackage.RadioButtonDemo1" time="19.588"/>
  <testcase name="locatorsDemoTest" classname="mavenPackage.LocatorsDemo1" time="10.875"/>
</testsuite>