<?xml version="1.0" encoding="UTF-8"?>
<!-- Generated by org.testng.reporters.JUnitXMLReporter -->
<testsuite hostname="DESKTOP-9U9EC1K" name="Test" tests="7" failures="0" timestamp="6 Nov 2022 18:09:23 GMT" time="92.5" errors="0">
  <testcase name="checkBoxTest3" time="11.691" classname="mavenPackage.CheckBoxDemo3"/>
  <testcase name="chrometest" time="6.806" classname="mavenPackage.ChromeBrowserLaunch"/>
  <testcase name="draganAndDrop" time="10.134" classname="mavenPackage.DraganDropDemo1"/>
  <testcase name="iframeDemo1" time="9.982" classname="mavenPackage.IframeDemo1"/>
  <testcase name="popWindoTest" time="23.388" classname="mavenPackage.PopWindoDemo1"/>
  <testcase name="radioButtonDemoTest" time="19.589" classname="mavenPackage.RadioButtonDemo1"/>
  <testcase name="locatorsDemoTest" time="10.879" classname="mavenPackage.LocatorsDemo1"/>
</testsuite> <!-- Test -->
